<?xml version="1.0" encoding="UTF-8"?>
<!-- Generated by org.testng.reporters.JUnitReportReporter -->
<testsuite skipped="0" hostname="DESKTOP-6DH5KOE" name="MyTestPackage.TestPractice2" tests="2" failures="0" timestamp="18 Jun 2021 09:25:42 GMT" time="0.003" errors="0">
  <testcase name="method1" time="0.002" classname="MyTestPackage.TestPractice2"/>
  <testcase name="method2" time="0.001" classname="MyTestPackage.TestPractice2"/>
</testsuite> <!-- MyTestPackage.TestPractice2 -->
